app/build/intermediates/manifest_merge_blame_file/debug/processDebugMainManifest/manifest-merger-blame-debug-report.txt
1<?xml version="1.0" encoding="utf-8"?>
2<manifest xmlns:android="http://schemas.android.com/apk/res/android"
3    package="com.alertify"
4    android:versionCode="1"
5    android:versionName="1.0" >
6
7    <uses-sdk
8        android:minSdkVersion="21"
9        android:targetSdkVersion="34" />
10
11    <uses-permission android:name="android.permission.INTERNET" />
11-->src\main\AndroidManifest.xml:5:5-67
11-->src\main\AndroidManifest.xml:5:22-64
12    <uses-permission android:name="android.permission.ACCESS_FINE_LOCATION" />
12-->src\main\AndroidManifest.xml:6:5-79
12-->src\main\AndroidManifest.xml:6:22-76
13    <uses-permission android:name="android.permission.ACCESS_COARSE_LOCATION" />
13-->src\main\AndroidManifest.xml:7:5-81
13-->src\main\AndroidManifest.xml:7:22-78
14    <uses-permission android:name="android.permission.SEND_SMS" />
14-->src\main\AndroidManifest.xml:8:5-67
14-->src\main\AndroidManifest.xml:8:22-64
15    <uses-permission android:name="android.permission.CALL_PHONE" />
15-->src\main\AndroidManifest.xml:9:5-69
15-->src\main\AndroidManifest.xml:9:22-66
16    <uses-permission android:name="android.permission.FOREGROUND_SERVICE" />
16-->src\main\AndroidManifest.xml:10:5-77
16-->src\main\AndroidManifest.xml:10:22-74
17    <uses-permission android:name="android.permission.FOREGROUND_SERVICE_LOCATION" />
17-->src\main\AndroidManifest.xml:11:5-86
17-->src\main\AndroidManifest.xml:11:22-83
18    <uses-permission android:name="android.permission.FOREGROUND_SERVICE_MICROPHONE" />
18-->src\main\AndroidManifest.xml:12:5-88
18-->src\main\AndroidManifest.xml:12:22-85
19    <uses-permission android:name="android.permission.RECEIVE_BOOT_COMPLETED" />
19-->src\main\AndroidManifest.xml:13:5-81
19-->src\main\AndroidManifest.xml:13:22-78
20    <uses-permission android:name="android.permission.ACCESS_BACKGROUND_LOCATION" />
20-->src\main\AndroidManifest.xml:14:5-85
20-->src\main\AndroidManifest.xml:14:22-82
21    <uses-permission android:name="android.permission.RECORD_AUDIO" />
21-->src\main\AndroidManifest.xml:16:5-71
21-->src\main\AndroidManifest.xml:16:22-68
22    <uses-permission android:name="android.permission.VIBRATE" />
22-->src\main\AndroidManifest.xml:17:5-66
22-->src\main\AndroidManifest.xml:17:22-63
23    <uses-permission android:name="android.permission.MODIFY_AUDIO_SETTINGS" />
23-->src\main\AndroidManifest.xml:18:5-80
23-->src\main\AndroidManifest.xml:18:22-77
24    <uses-permission android:name="android.permission.WAKE_LOCK" />
24-->src\main\AndroidManifest.xml:19:5-68
24-->src\main\AndroidManifest.xml:19:22-65
25    <uses-permission android:name="android.permission.SYSTEM_ALERT_WINDOW" />
25-->src\main\AndroidManifest.xml:20:5-78
25-->src\main\AndroidManifest.xml:20:22-75
26    <uses-permission android:name="android.permission.POST_NOTIFICATIONS" />
26-->src\main\AndroidManifest.xml:21:5-77
26-->src\main\AndroidManifest.xml:21:22-74
27
28    <queries>
28-->src\main\AndroidManifest.xml:23:5-28:15
29        <intent>
29-->src\main\AndroidManifest.xml:24:9-27:18
30            <action android:name="android.intent.action.CALL" />
30-->src\main\AndroidManifest.xml:25:13-65
30-->src\main\AndroidManifest.xml:25:21-62
31
32            <data android:scheme="tel" />
32-->src\main\AndroidManifest.xml:26:13-42
32-->src\main\AndroidManifest.xml:26:19-39
33        </intent>
34        <!-- Needs to be explicitly declared on Android R+ -->
35        <package android:name="com.google.android.apps.maps" />
35-->[com.google.android.gms:play-services-maps:18.2.0] AndroidManifest.xml:33:9-64
35-->[com.google.android.gms:play-services-maps:18.2.0] AndroidManifest.xml:33:18-61
36    </queries>
37
38    <!-- Include required permissions for Google Maps API to run. -->
39    <uses-permission android:name="android.permission.ACCESS_NETWORK_STATE" />
39-->[com.google.android.gms:play-services-maps:18.2.0] AndroidManifest.xml:23:5-79
39-->[com.google.android.gms:play-services-maps:18.2.0] AndroidManifest.xml:23:22-76
40
41    <uses-feature
41-->[com.google.android.gms:play-services-maps:18.2.0] AndroidManifest.xml:26:5-28:35
42        android:glEsVersion="0x00020000"
42-->[com.google.android.gms:play-services-maps:18.2.0] AndroidManifest.xml:27:9-41
43        android:required="true" />
43-->[com.google.android.gms:play-services-maps:18.2.0] AndroidManifest.xml:28:9-32
44
45    <permission
45-->[androidx.core:core:1.9.0] AndroidManifest.xml:22:5-24:47
46        android:name="com.alertify.DYNAMIC_RECEIVER_NOT_EXPORTED_PERMISSION"
46-->[androidx.core:core:1.9.0] AndroidManifest.xml:23:9-81
47        android:protectionLevel="signature" />
47-->[androidx.core:core:1.9.0] AndroidManifest.xml:24:9-44
48
49    <uses-permission android:name="com.alertify.DYNAMIC_RECEIVER_NOT_EXPORTED_PERMISSION" />
49-->[androidx.core:core:1.9.0] AndroidManifest.xml:26:5-97
49-->[androidx.core:core:1.9.0] AndroidManifest.xml:26:22-94
50
51    <application
51-->src\main\AndroidManifest.xml:30:5-98:19
52        android:allowBackup="true"
52-->src\main\AndroidManifest.xml:31:9-35
53        android:appComponentFactory="androidx.core.app.CoreComponentFactory"
53-->[androidx.core:core:1.9.0] AndroidManifest.xml:28:18-86
54        android:dataExtractionRules="@xml/data_extraction_rules"
54-->src\main\AndroidManifest.xml:32:9-65
55        android:debuggable="true"
56        android:extractNativeLibs="true"
56-->src\main\AndroidManifest.xml:39:9-41
57        android:fullBackupContent="@xml/backup_rules"
57-->src\main\AndroidManifest.xml:33:9-54
58        android:icon="@drawable/ic_security"
58-->src\main\AndroidManifest.xml:34:9-45
59        android:label="@string/app_name"
59-->src\main\AndroidManifest.xml:35:9-41
60        android:roundIcon="@drawable/ic_security"
60-->src\main\AndroidManifest.xml:36:9-50
61        android:supportsRtl="true"
61-->src\main\AndroidManifest.xml:37:9-35
62        android:testOnly="true"
63        android:theme="@style/Theme.Alertify" >
63-->src\main\AndroidManifest.xml:38:9-46
64        <meta-data
64-->src\main\AndroidManifest.xml:42:9-44:71
65            android:name="com.google.android.geo.API_KEY"
65-->src\main\AndroidManifest.xml:43:13-58
66            android:value="AIzaSyCy1azmOW7qI7y_WcRESY4Q7K89iabFVMI" />
66-->src\main\AndroidManifest.xml:44:13-68
67
68        <activity
68-->src\main\AndroidManifest.xml:46:9-53:20
69            android:name="com.alertify.ui.activities.OnboardingActivity"
69-->src\main\AndroidManifest.xml:47:13-61
70            android:exported="true" >
70-->src\main\AndroidManifest.xml:48:13-36
71            <intent-filter>
71-->src\main\AndroidManifest.xml:49:13-52:29
72                <action android:name="android.intent.action.MAIN" />
72-->src\main\AndroidManifest.xml:50:17-69
72-->src\main\AndroidManifest.xml:50:25-66
73
74                <category android:name="android.intent.category.LAUNCHER" />
74-->src\main\AndroidManifest.xml:51:17-77
74-->src\main\AndroidManifest.xml:51:27-74
75            </intent-filter>
76        </activity>
77        <activity
77-->src\main\AndroidManifest.xml:55:9-57:40
78            android:name="com.alertify.stealth.FakeCalculatorActivity"
78-->src\main\AndroidManifest.xml:56:13-59
79            android:exported="false" />
79-->src\main\AndroidManifest.xml:57:13-37
80        <activity
80-->src\main\AndroidManifest.xml:59:9-61:40
81            android:name="com.alertify.ui.activities.MainActivity"
81-->src\main\AndroidManifest.xml:60:13-55
82            android:exported="false" />
82-->src\main\AndroidManifest.xml:61:13-37
83        <activity
83-->src\main\AndroidManifest.xml:63:9-66:40
84            android:name="com.alertify.ui.activities.SafeZoneActivity"
84-->src\main\AndroidManifest.xml:64:13-59
85            android:exported="false"
85-->src\main\AndroidManifest.xml:66:13-37
86            android:label="Set Home Location" />
86-->src\main\AndroidManifest.xml:65:13-46
87
88        <service
88-->src\main\AndroidManifest.xml:68:9-72:67
89            android:name="com.alertify.services.BackgroundService"
89-->src\main\AndroidManifest.xml:69:13-55
90            android:enabled="true"
90-->src\main\AndroidManifest.xml:70:13-35
91            android:exported="false"
91-->src\main\AndroidManifest.xml:71:13-37
92            android:foregroundServiceType="location|microphone" />
92-->src\main\AndroidManifest.xml:72:13-64
93
94        <receiver
94-->src\main\AndroidManifest.xml:77:9-82:20
95            android:name="com.alertify.services.BootReceiver"
95-->src\main\AndroidManifest.xml:77:19-56
96            android:exported="false" >
96-->src\main\AndroidManifest.xml:78:13-37
97            <intent-filter>
97-->src\main\AndroidManifest.xml:79:13-81:29
98                <action android:name="android.intent.action.BOOT_COMPLETED" />
98-->src\main\AndroidManifest.xml:80:17-79
98-->src\main\AndroidManifest.xml:80:25-76
99            </intent-filter>
100        </receiver>
101        <receiver
101-->src\main\AndroidManifest.xml:83:9-88:20
102            android:name="com.alertify.triggers.DialCodeReceiver"
102-->src\main\AndroidManifest.xml:83:19-60
103            android:exported="true" >
103-->src\main\AndroidManifest.xml:84:13-36
104            <intent-filter>
104-->src\main\AndroidManifest.xml:85:13-87:29
105                <action android:name="android.intent.action.NEW_OUTGOING_CALL" />
105-->src\main\AndroidManifest.xml:86:17-82
105-->src\main\AndroidManifest.xml:86:25-79
106            </intent-filter>
107        </receiver>
108        <receiver
108-->src\main\AndroidManifest.xml:90:9-96:20
109            android:name="com.alertify.services.ConfirmationReceiver"
109-->src\main\AndroidManifest.xml:90:19-64
110            android:exported="false" >
110-->src\main\AndroidManifest.xml:91:13-37
111            <intent-filter>
111-->src\main\AndroidManifest.xml:92:13-95:29
112                <action android:name="com.alertify.ACTION_YES" />
112-->src\main\AndroidManifest.xml:93:17-66
112-->src\main\AndroidManifest.xml:93:25-63
113                <action android:name="com.alertify.ACTION_NO" />
113-->src\main\AndroidManifest.xml:94:17-65
113-->src\main\AndroidManifest.xml:94:25-62
114            </intent-filter>
115        </receiver>
116
117        <!-- Needs to be explicitly declared on P+ -->
118        <uses-library
118-->[com.google.android.gms:play-services-maps:18.2.0] AndroidManifest.xml:39:9-41:40
119            android:name="org.apache.http.legacy"
119-->[com.google.android.gms:play-services-maps:18.2.0] AndroidManifest.xml:40:13-50
120            android:required="false" />
120-->[com.google.android.gms:play-services-maps:18.2.0] AndroidManifest.xml:41:13-37
121
122        <service
122-->[com.google.firebase:firebase-database:21.0.0] AndroidManifest.xml:26:9-35:19
123            android:name="com.google.firebase.components.ComponentDiscoveryService"
123-->[com.google.firebase:firebase-database:21.0.0] AndroidManifest.xml:27:13-84
124            android:directBootAware="true"
124-->[com.google.firebase:firebase-common:21.0.0] AndroidManifest.xml:32:13-43
125            android:exported="false" >
125-->[com.google.firebase:firebase-database:21.0.0] AndroidManifest.xml:28:13-37
126            <meta-data
126-->[com.google.firebase:firebase-database:21.0.0] AndroidManifest.xml:29:13-31:85
127                android:name="com.google.firebase.components:com.google.firebase.database.FirebaseDatabaseKtxRegistrar"
127-->[com.google.firebase:firebase-database:21.0.0] AndroidManifest.xml:30:17-120
128                android:value="com.google.firebase.components.ComponentRegistrar" />
128-->[com.google.firebase:firebase-database:21.0.0] AndroidManifest.xml:31:17-82
129            <meta-data
129-->[com.google.firebase:firebase-database:21.0.0] AndroidManifest.xml:32:13-34:85
130                android:name="com.google.firebase.components:com.google.firebase.database.DatabaseRegistrar"
130-->[com.google.firebase:firebase-database:21.0.0] AndroidManifest.xml:33:17-109
131                android:value="com.google.firebase.components.ComponentRegistrar" />
131-->[com.google.firebase:firebase-database:21.0.0] AndroidManifest.xml:34:17-82
132            <meta-data
132-->[com.google.firebase:firebase-common-ktx:21.0.0] AndroidManifest.xml:12:13-14:85
133                android:name="com.google.firebase.components:com.google.firebase.ktx.FirebaseCommonLegacyRegistrar"
133-->[com.google.firebase:firebase-common-ktx:21.0.0] AndroidManifest.xml:13:17-116
134                android:value="com.google.firebase.components.ComponentRegistrar" />
134-->[com.google.firebase:firebase-common-ktx:21.0.0] AndroidManifest.xml:14:17-82
135            <meta-data
135-->[com.google.firebase:firebase-common:21.0.0] AndroidManifest.xml:35:13-37:85
136                android:name="com.google.firebase.components:com.google.firebase.FirebaseCommonKtxRegistrar"
136-->[com.google.firebase:firebase-common:21.0.0] AndroidManifest.xml:36:17-109
137                android:value="com.google.firebase.components.ComponentRegistrar" />
137-->[com.google.firebase:firebase-common:21.0.0] AndroidManifest.xml:37:17-82
138        </service>
139
140        <provider
140-->[com.google.firebase:firebase-common:21.0.0] AndroidManifest.xml:23:9-28:39
141            android:name="com.google.firebase.provider.FirebaseInitProvider"
141-->[com.google.firebase:firebase-common:21.0.0] AndroidManifest.xml:24:13-77
142            android:authorities="com.alertify.firebaseinitprovider"
142-->[com.google.firebase:firebase-common:21.0.0] AndroidManifest.xml:25:13-72
143            android:directBootAware="true"
143-->[com.google.firebase:firebase-common:21.0.0] AndroidManifest.xml:26:13-43
144            android:exported="false"
144-->[com.google.firebase:firebase-common:21.0.0] AndroidManifest.xml:27:13-37
145            android:initOrder="100" />
145-->[com.google.firebase:firebase-common:21.0.0] AndroidManifest.xml:28:13-36
146
147        <activity
147-->[com.google.android.gms:play-services-base:18.1.0] AndroidManifest.xml:20:9-22:45
148            android:name="com.google.android.gms.common.api.GoogleApiActivity"
148-->[com.google.android.gms:play-services-base:18.1.0] AndroidManifest.xml:20:19-85
149            android:exported="false"
149-->[com.google.android.gms:play-services-base:18.1.0] AndroidManifest.xml:22:19-43
150            android:theme="@android:style/Theme.Translucent.NoTitleBar" />
150-->[com.google.android.gms:play-services-base:18.1.0] AndroidManifest.xml:21:19-78
151
152        <provider
152-->[androidx.emoji2:emoji2:1.2.0] AndroidManifest.xml:24:9-32:20
153            android:name="androidx.startup.InitializationProvider"
153-->[androidx.emoji2:emoji2:1.2.0] AndroidManifest.xml:25:13-67
154            android:authorities="com.alertify.androidx-startup"
154-->[androidx.emoji2:emoji2:1.2.0] AndroidManifest.xml:26:13-68
155            android:exported="false" >
155-->[androidx.emoji2:emoji2:1.2.0] AndroidManifest.xml:27:13-37
156            <meta-data
156-->[androidx.emoji2:emoji2:1.2.0] AndroidManifest.xml:29:13-31:52
157                android:name="androidx.emoji2.text.EmojiCompatInitializer"
157-->[androidx.emoji2:emoji2:1.2.0] AndroidManifest.xml:30:17-75
158                android:value="androidx.startup" />
158-->[androidx.emoji2:emoji2:1.2.0] AndroidManifest.xml:31:17-49
159            <meta-data
159-->[androidx.lifecycle:lifecycle-process:2.6.1] AndroidManifest.xml:29:13-31:52
160                android:name="androidx.lifecycle.ProcessLifecycleInitializer"
160-->[androidx.lifecycle:lifecycle-process:2.6.1] AndroidManifest.xml:30:17-78
161                android:value="androidx.startup" />
161-->[androidx.lifecycle:lifecycle-process:2.6.1] AndroidManifest.xml:31:17-49
162            <meta-data
162-->[androidx.profileinstaller:profileinstaller:1.3.0] AndroidManifest.xml:29:13-31:52
163                android:name="androidx.profileinstaller.ProfileInstallerInitializer"
163-->[androidx.profileinstaller:profileinstaller:1.3.0] AndroidManifest.xml:30:17-85
164                android:value="androidx.startup" />
164-->[androidx.profileinstaller:profileinstaller:1.3.0] AndroidManifest.xml:31:17-49
165        </provider>
166
167        <meta-data
167-->[com.google.android.gms:play-services-basement:18.3.0] AndroidManifest.xml:21:9-23:69
168            android:name="com.google.android.gms.version"
168-->[com.google.android.gms:play-services-basement:18.3.0] AndroidManifest.xml:22:13-58
169            android:value="@integer/google_play_services_version" />
169-->[com.google.android.gms:play-services-basement:18.3.0] AndroidManifest.xml:23:13-66
170
171        <receiver
171-->[androidx.profileinstaller:profileinstaller:1.3.0] AndroidManifest.xml:34:9-52:20
172            android:name="androidx.profileinstaller.ProfileInstallReceiver"
172-->[androidx.profileinstaller:profileinstaller:1.3.0] AndroidManifest.xml:35:13-76
173            android:directBootAware="false"
173-->[androidx.profileinstaller:profileinstaller:1.3.0] AndroidManifest.xml:36:13-44
174            android:enabled="true"
174-->[androidx.profileinstaller:profileinstaller:1.3.0] AndroidManifest.xml:37:13-35
175            android:exported="true"
175-->[androidx.profileinstaller:profileinstaller:1.3.0] AndroidManifest.xml:38:13-36
176            android:permission="android.permission.DUMP" >
176-->[androidx.profileinstaller:profileinstaller:1.3.0] AndroidManifest.xml:39:13-57
177            <intent-filter>
177-->[androidx.profileinstaller:profileinstaller:1.3.0] AndroidManifest.xml:40:13-42:29
178                <action android:name="androidx.profileinstaller.action.INSTALL_PROFILE" />
178-->[androidx.profileinstaller:profileinstaller:1.3.0] AndroidManifest.xml:41:17-91
178-->[androidx.profileinstaller:profileinstaller:1.3.0] AndroidManifest.xml:41:25-88
179            </intent-filter>
180            <intent-filter>
180-->[androidx.profileinstaller:profileinstaller:1.3.0] AndroidManifest.xml:43:13-45:29
181                <action android:name="androidx.profileinstaller.action.SKIP_FILE" />
181-->[androidx.profileinstaller:profileinstaller:1.3.0] AndroidManifest.xml:44:17-85
181-->[androidx.profileinstaller:profileinstaller:1.3.0] AndroidManifest.xml:44:25-82
182            </intent-filter>
183            <intent-filter>
183-->[androidx.profileinstaller:profileinstaller:1.3.0] AndroidManifest.xml:46:13-48:29
184                <action android:name="androidx.profileinstaller.action.SAVE_PROFILE" />
184-->[androidx.profileinstaller:profileinstaller:1.3.0] AndroidManifest.xml:47:17-88
184-->[androidx.profileinstaller:profileinstaller:1.3.0] AndroidManifest.xml:47:25-85
185            </intent-filter>
186            <intent-filter>
186-->[androidx.profileinstaller:profileinstaller:1.3.0] AndroidManifest.xml:49:13-51:29
187                <action android:name="androidx.profileinstaller.action.BENCHMARK_OPERATION" />
187-->[androidx.profileinstaller:profileinstaller:1.3.0] AndroidManifest.xml:50:17-95
187-->[androidx.profileinstaller:profileinstaller:1.3.0] AndroidManifest.xml:50:25-92
188            </intent-filter>
189        </receiver>
190    </application>
191
192</manifest>